-------------------------------------------------------------------------------
Test set: com.porfoliognz.ailin.gnz.ApplicationTests
-------------------------------------------------------------------------------
Tests run: 1, Failures: 0, Errors: 1, Skipped: 0, Time elapsed: 14.669 s <<< FAILURE! - in com.porfoliognz.ailin.gnz.ApplicationTests
contextLoads  Time elapsed: 0.001 s  <<< ERROR!
java.lang.IllegalStateException: Failed to load ApplicationContext
Caused by: org.springframework.beans.factory.UnsatisfiedDependencyException: Error creating bean with name 'contrEducacion': Unsatisfied dependency expressed through field 'servEducacion'; nested exception is org.springframework.beans.factory.UnsatisfiedDependencyException: Error creating bean with name 'servEducacion': Unsatisfied dependency expressed through field 'repoEducacion'; nested exception is org.springframework.beans.factory.BeanCreationException: Error creating bean with name 'repoEducacion' defined in com.porfoliognz.ailin.gnz.Repository.RepoEducacion defined in @EnableJpaRepositories declared on JpaRepositoriesRegistrar.EnableJpaRepositoriesConfiguration: Invocation of init method failed; nested exception is org.springframework.data.repository.query.QueryCreationException: Could not create query for public abstract void com.porfoliognz.ailin.gnz.Repository.RepoEducacion.delete(int); Reason: Failed to create query for method public abstract void com.porfoliognz.ailin.gnz.Repository.RepoEducacion.delete(int)! No property 'delete' found for type 'Educacion'; nested exception is java.lang.IllegalArgumentException: Failed to create query for method public abstract void com.porfoliognz.ailin.gnz.Repository.RepoEducacion.delete(int)! No property 'delete' found for type 'Educacion'
Caused by: org.springframework.beans.factory.UnsatisfiedDependencyException: Error creating bean with name 'servEducacion': Unsatisfied dependency expressed through field 'repoEducacion'; nested exception is org.springframework.beans.factory.BeanCreationException: Error creating bean with name 'repoEducacion' defined in com.porfoliognz.ailin.gnz.Repository.RepoEducacion defined in @EnableJpaRepositories declared on JpaRepositoriesRegistrar.EnableJpaRepositoriesConfiguration: Invocation of init method failed; nested exception is org.springframework.data.repository.query.QueryCreationException: Could not create query for public abstract void com.porfoliognz.ailin.gnz.Repository.RepoEducacion.delete(int); Reason: Failed to create query for method public abstract void com.porfoliognz.ailin.gnz.Repository.RepoEducacion.delete(int)! No property 'delete' found for type 'Educacion'; nested exception is java.lang.IllegalArgumentException: Failed to create query for method public abstract void com.porfoliognz.ailin.gnz.Repository.RepoEducacion.delete(int)! No property 'delete' found for type 'Educacion'
Caused by: org.springframework.beans.factory.BeanCreationException: Error creating bean with name 'repoEducacion' defined in com.porfoliognz.ailin.gnz.Repository.RepoEducacion defined in @EnableJpaRepositories declared on JpaRepositoriesRegistrar.EnableJpaRepositoriesConfiguration: Invocation of init method failed; nested exception is org.springframework.data.repository.query.QueryCreationException: Could not create query for public abstract void com.porfoliognz.ailin.gnz.Repository.RepoEducacion.delete(int); Reason: Failed to create query for method public abstract void com.porfoliognz.ailin.gnz.Repository.RepoEducacion.delete(int)! No property 'delete' found for type 'Educacion'; nested exception is java.lang.IllegalArgumentException: Failed to create query for method public abstract void com.porfoliognz.ailin.gnz.Repository.RepoEducacion.delete(int)! No property 'delete' found for type 'Educacion'
Caused by: org.springframework.data.repository.query.QueryCreationException: Could not create query for public abstract void com.porfoliognz.ailin.gnz.Repository.RepoEducacion.delete(int); Reason: Failed to create query for method public abstract void com.porfoliognz.ailin.gnz.Repository.RepoEducacion.delete(int)! No property 'delete' found for type 'Educacion'; nested exception is java.lang.IllegalArgumentException: Failed to create query for method public abstract void com.porfoliognz.ailin.gnz.Repository.RepoEducacion.delete(int)! No property 'delete' found for type 'Educacion'
Caused by: java.lang.IllegalArgumentException: Failed to create query for method public abstract void com.porfoliognz.ailin.gnz.Repository.RepoEducacion.delete(int)! No property 'delete' found for type 'Educacion'
Caused by: org.springframework.data.mapping.PropertyReferenceException: No property 'delete' found for type 'Educacion'

